[2018-01-30 08:25:00] local.INFO: Logged Out {"hak_akses":"admin","username":"laracry"} []
[2018-01-30 08:25:10] local.INFO: Logged In {"hak_akses":"admin","username":"laracry"} []
[2018-01-30 08:25:11] local.INFO: Mengakses home {"hak_akses":"admin","username":"laracry"} []
[2018-01-30 15:41:38] local.INFO: Mengakses home {"hak_akses":"admin","username":"laracry"} []
[2018-01-30 15:43:27] local.INFO: Mengakses home {"hak_akses":"admin","username":"laracry"} []
[2018-01-30 15:43:34] local.INFO: Mengakses home {"hak_akses":"admin","username":"laracry"} []
[2018-01-30 15:44:58] local.INFO: Mengakses home {"hak_akses":"admin","username":"laracry"} []
[2018-01-30 15:52:31] local.INFO: Logged In {"hak_akses":"admin","username":"laracry"} []
[2018-01-30 15:52:31] local.INFO: Mengakses home {"hak_akses":"admin","username":"laracry"} []
[2018-01-31 13:07:44] local.INFO: Logged In {"hak_akses":"admin","username":"laracry"} []
[2018-01-31 13:07:45] local.INFO: Mengakses home {"hak_akses":"admin","username":"laracry"} []
[2018-01-31 14:19:39] local.INFO: Mengakses home {"hak_akses":"admin","username":"laracry"} []
[2018-01-31 14:25:57] local.INFO: Mengakses home {"hak_akses":"admin","username":"laracry"} []
[2018-01-31 14:26:41] local.INFO: Mengakses home {"hak_akses":"admin","username":"laracry"} []
<<<<<<< HEAD
[2018-01-31 18:44:27] local.INFO: Logged In {"hak_akses":"admin","username":"laracry"} []
[2018-01-31 18:44:27] local.INFO: Mengakses home {"hak_akses":"admin","username":"laracry"} []
[2018-02-03 23:25:57] local.INFO: Logged In {"hak_akses":"admin","username":"laracry"} []
[2018-02-03 23:25:58] local.INFO: Mengakses home {"hak_akses":"admin","username":"laracry"} []
=======
[2018-01-31 15:19:38] local.INFO: Mengakses home {"hak_akses":"admin","username":"laracry"} []
[2018-02-02 20:32:34] local.INFO: Logged In {"hak_akses":"admin","username":"laracry"} []
[2018-02-02 20:32:34] local.INFO: Mengakses home {"hak_akses":"admin","username":"laracry"} []
[2018-02-02 20:34:01] local.INFO: Mengakses home {"hak_akses":"admin","username":"laracry"} []
[2018-02-02 20:34:56] local.INFO: Mengakses home {"hak_akses":"admin","username":"laracry"} []
[2018-02-02 20:35:07] local.INFO: Mengakses home {"hak_akses":"admin","username":"laracry"} []
[2018-02-02 20:35:15] local.INFO: Mengakses home {"hak_akses":"admin","username":"laracry"} []
[2018-02-02 20:35:47] local.INFO: Mengakses home {"hak_akses":"admin","username":"laracry"} []
[2018-02-02 20:36:06] local.INFO: Mengakses home {"hak_akses":"admin","username":"laracry"} []
[2018-02-02 20:36:14] local.INFO: Mengakses home {"hak_akses":"admin","username":"laracry"} []
[2018-02-02 20:36:36] local.INFO: Mengakses home {"hak_akses":"admin","username":"laracry"} []
[2018-02-02 20:36:49] local.INFO: Mengakses home {"hak_akses":"admin","username":"laracry"} []
[2018-02-02 20:37:25] local.INFO: Mengakses home {"hak_akses":"admin","username":"laracry"} []
[2018-02-02 20:37:39] local.INFO: Mengakses home {"hak_akses":"admin","username":"laracry"} []
[2018-02-02 20:37:48] local.INFO: Mengakses home {"hak_akses":"admin","username":"laracry"} []
[2018-02-02 20:37:56] local.INFO: Mengakses home {"hak_akses":"admin","username":"laracry"} []
[2018-02-02 20:38:06] local.INFO: Mengakses home {"hak_akses":"admin","username":"laracry"} []
[2018-02-02 20:38:20] local.INFO: Mengakses home {"hak_akses":"admin","username":"laracry"} []
[2018-02-02 20:38:36] local.INFO: Mengakses home {"hak_akses":"admin","username":"laracry"} []
[2018-02-02 20:38:46] local.INFO: Mengakses home {"hak_akses":"admin","username":"laracry"} []
[2018-02-02 20:38:54] local.INFO: Mengakses home {"hak_akses":"admin","username":"laracry"} []
[2018-02-02 20:46:04] local.INFO: Mengakses home {"hak_akses":"admin","username":"laracry"} []
[2018-02-02 21:01:54] local.INFO: Mengakses home {"hak_akses":"admin","username":"laracry"} []
[2018-02-02 21:02:00] local.INFO: Logged Out {"hak_akses":"admin","username":"laracry"} []
[2018-02-02 21:03:16] local.INFO: Logged In {"hak_akses":"admin","username":"laracry"} []
[2018-02-02 21:03:16] local.INFO: Mengakses home {"hak_akses":"admin","username":"laracry"} []
[2018-02-02 21:06:22] local.INFO: Mengakses home {"hak_akses":"admin","username":"laracry"} []
>>>>>>> 929757a5af1525489cf68ff9bf784406e06f0ad2
[2018-02-04 00:42:25] local.INFO: Mengakses home {"hak_akses":"admin","username":"laracry"} []
[2018-02-04 00:43:16] local.INFO: Mengakses home {"hak_akses":"admin","username":"laracry"} []
[2018-02-04 00:43:20] local.INFO: Mengakses home {"hak_akses":"admin","username":"laracry"} []
[2018-02-04 00:44:15] local.INFO: Mengakses home {"hak_akses":"admin","username":"laracry"} []
[2018-02-04 00:44:25] local.INFO: Mengakses home {"hak_akses":"admin","username":"laracry"} []
[2018-02-04 00:44:27] local.INFO: Mengakses home {"hak_akses":"admin","username":"laracry"} []
[2018-02-04 00:44:29] local.INFO: Logged Out {"hak_akses":"admin","username":"laracry"} []
[2018-02-04 00:44:35] local.INFO: Logged In {"hak_akses":"admin","username":"laracry"} []
[2018-02-04 00:44:35] local.INFO: Mengakses home {"hak_akses":"admin","username":"laracry"} []
[2018-02-04 00:45:42] local.INFO: Mengakses home {"hak_akses":"admin","username":"laracry"} []
[2018-02-04 00:46:28] local.INFO: Mengakses home {"hak_akses":"admin","username":"laracry"} []
[2018-02-04 01:03:01] local.INFO: Mengakses home {"hak_akses":"admin","username":"laracry"} []
<<<<<<< HEAD
[2018-02-04 17:50:32] local.INFO: Logged In {"hak_akses":"admin","username":"laracry"} []
[2018-02-04 17:50:33] local.INFO: Mengakses home {"hak_akses":"admin","username":"laracry"} []
=======
[2018-02-04 07:53:20] local.INFO: Logged In {"hak_akses":"admin","username":"laracry"} []
[2018-02-04 07:53:21] local.INFO: Mengakses home {"hak_akses":"admin","username":"laracry"} []
[2018-02-04 08:00:33] local.INFO: Mengakses home {"hak_akses":"admin","username":"laracry"} []
[2018-02-04 08:01:13] local.INFO: Mengakses home {"hak_akses":"admin","username":"laracry"} []
[2018-02-04 08:01:38] local.INFO: Mengakses home {"hak_akses":"admin","username":"laracry"} []
[2018-02-04 08:01:58] local.INFO: Mengakses home {"hak_akses":"admin","username":"laracry"} []
[2018-02-04 08:02:59] local.INFO: Mengakses home {"hak_akses":"admin","username":"laracry"} []
[2018-02-04 08:08:26] local.INFO: Mengakses home {"hak_akses":"admin","username":"laracry"} []
[2018-02-04 08:08:29] local.INFO: Mengakses home {"hak_akses":"admin","username":"laracry"} []
[2018-02-04 08:09:55] local.INFO: Mengakses home {"hak_akses":"admin","username":"laracry"} []
[2018-02-04 08:10:22] local.INFO: Mengakses home {"hak_akses":"admin","username":"laracry"} []
[2018-02-04 08:24:32] local.INFO: Mengakses home {"hak_akses":"admin","username":"laracry"} []
[2018-02-04 08:24:53] local.INFO: Mengakses home {"hak_akses":"admin","username":"laracry"} []
[2018-02-04 08:43:07] local.INFO: Mengakses home {"hak_akses":"admin","username":"laracry"} []
[2018-02-04 08:43:21] local.INFO: Mengakses home {"hak_akses":"admin","username":"laracry"} []
[2018-02-04 08:44:44] local.INFO: Mengakses home {"hak_akses":"admin","username":"laracry"} []
[2018-02-04 08:44:58] local.INFO: Logged Out {"hak_akses":"admin","username":"laracry"} []
[2018-02-04 08:57:40] local.INFO: Logged In {"hak_akses":"admin","username":"laracry"} []
[2018-02-04 08:57:41] local.INFO: Mengakses home {"hak_akses":"admin","username":"laracry"} []
[2018-02-04 09:09:32] local.INFO: Logged In {"hak_akses":"admin","username":"laracry"} []
[2018-02-04 09:09:33] local.INFO: Mengakses home {"hak_akses":"admin","username":"laracry"} []
[2018-02-04 09:10:37] local.INFO: Logged Out {"hak_akses":"admin","username":"laracry"} []
[2018-02-04 09:30:01] local.INFO: Pendaftaran berhasil ["waeae"] []
[2018-02-04 09:34:54] local.INFO: Logged In {"hak_akses":"admin","username":"laracry"} []
[2018-02-04 09:34:56] local.INFO: Mengakses home {"hak_akses":"admin","username":"laracry"} []
[2018-02-04 09:59:44] local.INFO: Logged Out {"hak_akses":"admin","username":"laracry"} []
[2018-02-04 10:01:20] local.INFO: Pendaftaran berhasil ["qweqqee"] []
[2018-02-04 10:10:13] local.INFO: Pendaftaran berhasil ["qqwqw"] []
[2018-02-04 10:13:28] local.INFO: Pendaftaran berhasil ["qwergt"] []
[2018-02-04 10:14:21] local.INFO: Pendaftaran berhasil ["qwerty"] []
[2018-02-04 10:17:21] local.INFO: Pendaftaran berhasil ["qweqwe"] []
[2018-02-04 10:17:34] local.INFO: Logged In {"hak_akses":"admin","username":"laracry"} []
[2018-02-04 10:17:35] local.INFO: Mengakses home {"hak_akses":"admin","username":"laracry"} []
[2018-02-04 10:18:10] local.INFO: Logged Out {"hak_akses":"admin","username":"laracry"} []
[2018-02-04 10:21:35] local.INFO: Pendaftaran berhasil ["qweqwe"] []
[2018-02-04 10:28:09] local.INFO: Logged In {"hak_akses":"admin","username":"laracry"} []
[2018-02-04 10:28:10] local.INFO: Mengakses home {"hak_akses":"admin","username":"laracry"} []
>>>>>>> 1dc03123b2e3f48f002afe2f98b6ad3a51024df5
[2018-02-05 08:33:29] local.INFO: Logged In {"hak_akses":"admin","username":"laracry"} []
[2018-02-05 08:33:30] local.INFO: Mengakses home {"hak_akses":"admin","username":"laracry"} []
[2018-02-05 14:40:24] local.INFO: Logged In {"hak_akses":"admin","username":"laracry"} []
[2018-02-05 14:40:24] local.INFO: Mengakses home {"hak_akses":"admin","username":"laracry"} []
<<<<<<< HEAD
[2018-02-05 15:15:56] local.INFO: Logged In {"hak_akses":"admin","username":"laracry"} []
[2018-02-05 15:15:58] local.INFO: Mengakses home {"hak_akses":"admin","username":"laracry"} []
[2018-02-05 15:19:04] local.INFO: Logged Out {"hak_akses":"admin","username":"laracry"} []
[2018-02-05 15:19:53] local.INFO: Logged In {"hak_akses":"guru","username":"wakwaw"} []
[2018-02-05 15:19:55] local.INFO: Mengakses home {"hak_akses":"guru","username":"wakwaw"} []
[2018-02-05 15:50:27] local.INFO: Logged Out {"hak_akses":"guru","username":"wakwaw"} []
[2018-02-05 15:51:30] local.INFO: Logged In {"hak_akses":"admin","username":"laracry"} []
[2018-02-05 15:51:31] local.INFO: Mengakses home {"hak_akses":"admin","username":"laracry"} []
[2018-02-05 16:00:54] local.INFO: Mengakses home {"hak_akses":"admin","username":"laracry"} []
[2018-02-05 16:02:40] local.INFO: Logged Out {"hak_akses":"admin","username":"laracry"} []
[2018-02-23 22:15:58] local.INFO: Logged In {"hak_akses":"admin","username":"laracry"} []
[2018-02-23 22:16:00] local.INFO: Mengakses home {"hak_akses":"admin","username":"laracry"} []
[2018-02-23 22:19:34] local.INFO: Logged Out {"hak_akses":"admin","username":"laracry"} []
[2018-02-23 22:28:21] local.INFO: Logged In {"hak_akses":"admin","username":"laracry"} []
[2018-02-23 22:28:40] local.INFO: Logged In {"hak_akses":"admin","username":"laracry"} []
[2018-02-23 22:28:52] local.INFO: Logged In {"hak_akses":"admin","username":"laracry"} []
[2018-02-23 22:29:03] local.INFO: Logged In {"hak_akses":"admin","username":"laracry"} []
[2018-02-23 22:29:39] local.INFO: Logged In {"hak_akses":"admin","username":"laracry"} []
[2018-02-23 22:29:56] local.INFO: Logged In {"hak_akses":"admin","username":"laracry"} []
[2018-02-23 22:30:09] local.INFO: Logged In {"hak_akses":"admin","username":"laracry"} []
=======
[2018-02-05 14:48:49] local.INFO: Mengakses home {"hak_akses":"admin","username":"laracry"} []
[2018-02-07 17:48:44] local.INFO: Logged In {"hak_akses":"admin","username":"laracry"} []
[2018-02-07 17:48:44] local.INFO: Mengakses home {"hak_akses":"admin","username":"laracry"} []
[2018-02-07 17:53:25] local.INFO: Mengakses home {"hak_akses":"admin","username":"laracry"} []
[2018-02-07 17:58:10] local.INFO: Mengakses home {"hak_akses":"admin","username":"laracry"} []
[2018-02-21 07:10:05] local.INFO: Logged In {"hak_akses":"admin","username":"laracry"} []
[2018-02-21 07:10:05] local.INFO: Mengakses home {"hak_akses":"admin","username":"laracry"} []
[2018-02-21 10:06:02] local.INFO: Logged In {"hak_akses":"admin","username":"laracry"} []
[2018-02-21 10:06:02] local.INFO: Mengakses home {"hak_akses":"admin","username":"laracry"} []
[2018-02-21 11:04:53] local.INFO: Mengakses home {"hak_akses":"admin","username":"laracry"} []
[2018-02-21 14:04:58] local.INFO: Logged In {"hak_akses":"admin","username":"laracry"} []
[2018-02-21 14:04:58] local.INFO: Mengakses home {"hak_akses":"admin","username":"laracry"} []
[2018-02-21 14:43:58] local.INFO: Mengakses home {"hak_akses":"admin","username":"laracry"} []
[2018-02-21 21:05:47] local.INFO: Logged In {"hak_akses":"admin","username":"laracry"} []
[2018-02-21 21:05:48] local.INFO: Mengakses home {"hak_akses":"admin","username":"laracry"} []
[2018-02-21 21:44:23] local.INFO: Mengakses home {"hak_akses":"admin","username":"laracry"} []
[2018-02-21 22:16:46] local.INFO: Mengakses home {"hak_akses":"admin","username":"laracry"} []
[2018-02-21 22:17:01] local.INFO: Mengakses home {"hak_akses":"admin","username":"laracry"} []
[2018-02-23 21:23:41] local.INFO: Logged In {"hak_akses":"admin","username":"laracry"} []
[2018-02-23 21:23:42] local.INFO: Mengakses home {"hak_akses":"admin","username":"laracry"} []
[2018-02-23 21:23:52] local.INFO: Mengakses home {"hak_akses":"admin","username":"laracry"} []
<<<<<<< HEAD
[2018-02-23 21:49:45] local.INFO: Mengakses home {"hak_akses":"admin","username":"laracry"} []
[2018-02-23 21:50:19] local.INFO: Mengakses home {"hak_akses":"admin","username":"laracry"} []
[2018-02-23 22:28:42] local.INFO: Logged Out {"hak_akses":"admin","username":"laracry"} []
[2018-02-23 22:29:34] local.INFO: Logged In {"hak_akses":"admin","username":"laracry"} []
[2018-02-23 22:29:34] local.INFO: Mengakses home {"hak_akses":"admin","username":"laracry"} []
[2018-02-23 22:31:30] local.INFO: Logged Out {"hak_akses":"admin","username":"laracry"} []
[2018-02-23 22:52:59] local.INFO: Logged In {"hak_akses":"admin","username":"laracry"} []
[2018-02-23 22:52:59] local.INFO: Mengakses home {"hak_akses":"admin","username":"laracry"} []
[2018-02-23 23:29:50] local.INFO: Mengakses home {"hak_akses":"admin","username":"laracry"} []
=======
>>>>>>> d857cfc2cef41e9d76c34219e1703089a243aa6f
[2018-02-23 22:45:38] local.INFO: Logged In {"hak_akses":"admin","username":"laracry"} []
[2018-02-23 22:45:40] local.INFO: Mengakses home {"hak_akses":"admin","username":"laracry"} []
>>>>>>> a41dc97d2075579b72666d73c46b963b48b5a5e2
[2018-02-24 00:11:03] local.INFO: Mengakses home {"hak_akses":"admin","username":"laracry"} []
[2018-02-24 00:14:58] local.INFO: Mengakses home {"hak_akses":"admin","username":"laracry"} []
[2018-02-24 21:22:52] local.INFO: Logged In {"hak_akses":"admin","username":"laracry"} []
[2018-02-24 21:23:06] local.INFO: Logged In {"hak_akses":"admin","username":"laracry"} []
[2018-02-24 21:24:23] local.INFO: Logged In {"hak_akses":"admin","username":"laracry"} []
[2018-02-24 21:24:23] local.INFO: Mengakses home {"hak_akses":"admin","username":"laracry"} []
[2018-02-24 21:24:37] local.INFO: Logged Out {"hak_akses":"admin","username":"laracry"} []
[2018-02-24 21:31:51] local.INFO: Pendaftaran berhasil ["Fahri Muhamad"] []
[2018-02-24 21:32:02] local.INFO: Logged In {"hak_akses":"siswa","username":"fahri_4"} []
[2018-02-24 21:32:02] local.INFO: Mengakses home {"hak_akses":"siswa","username":"fahri_4"} []
[2018-02-24 21:32:08] local.INFO: Logged Out {"hak_akses":"siswa","username":"fahri_4"} []
[2018-02-24 21:32:29] local.INFO: Logged In {"hak_akses":"admin","username":"laracry"} []
[2018-02-24 21:32:29] local.INFO: Mengakses home {"hak_akses":"admin","username":"laracry"} []
[2018-02-24 21:42:56] local.INFO: Logged Out {"hak_akses":"admin","username":"laracry"} []
[2018-02-24 21:43:06] local.INFO: Logged In {"hak_akses":"guru","username":"guru3"} []
[2018-02-24 21:43:06] local.INFO: Mengakses home {"hak_akses":"guru","username":"guru3"} []
[2018-02-24 21:45:50] local.INFO: Mengakses home {"hak_akses":"guru","username":"guru3"} []
[2018-02-24 21:45:54] local.INFO: Logged Out {"hak_akses":"guru","username":"guru3"} []
[2018-02-24 21:46:26] local.INFO: Logged In {"hak_akses":"admin","username":"laracry"} []
[2018-02-24 21:46:26] local.INFO: Mengakses home {"hak_akses":"admin","username":"laracry"} []
<<<<<<< HEAD
[2018-02-25 09:48:44] local.INFO: Logged In {"hak_akses":"admin","username":"laracry"} []
[2018-02-25 09:48:45] local.INFO: Mengakses home {"hak_akses":"admin","username":"laracry"} []
=======
[2018-02-25 06:31:42] local.INFO: Logged In {"hak_akses":"admin","username":"laracry"} []
[2018-02-25 06:31:43] local.INFO: Mengakses home {"hak_akses":"admin","username":"laracry"} []
[2018-02-25 06:35:32] local.INFO: Mengakses home {"hak_akses":"admin","username":"laracry"} []
[2018-02-25 06:36:03] local.INFO: Logged Out {"hak_akses":"admin","username":"laracry"} []
[2018-02-25 06:36:10] local.INFO: Logged In {"hak_akses":"admin","username":"laracry"} []
[2018-02-25 06:36:11] local.INFO: Mengakses home {"hak_akses":"admin","username":"laracry"} []
[2018-02-25 06:36:24] local.INFO: Mengakses home {"hak_akses":"admin","username":"laracry"} []
[2018-02-25 06:49:47] local.INFO: Mengakses home {"hak_akses":"admin","username":"laracry"} []
[2018-02-25 06:50:57] local.INFO: Mengakses home {"hak_akses":"admin","username":"laracry"} []
[2018-02-25 06:51:07] local.INFO: Mengakses home {"hak_akses":"admin","username":"laracry"} []
[2018-02-25 07:00:51] local.INFO: Logged In {"hak_akses":"siswa","username":"furman"} []
[2018-02-25 07:00:51] local.INFO: Mengakses home {"hak_akses":"siswa","username":"furman"} []
[2018-02-25 07:01:29] local.INFO: Logged Out {"hak_akses":"siswa","username":"furman"} []
[2018-02-25 07:01:54] local.INFO: Logged In {"hak_akses":"guru","username":"euishowthorne"} []
[2018-02-25 07:01:54] local.INFO: Mengakses home {"hak_akses":"guru","username":"euishowthorne"} []
[2018-02-25 07:04:59] local.INFO: Mengakses home {"hak_akses":"guru","username":"euishowthorne"} []
[2018-02-25 07:14:10] local.INFO: Logged Out {"hak_akses":"admin","username":"laracry"} []
[2018-02-25 07:14:15] local.INFO: Logged In {"hak_akses":"admin","username":"laracry"} []
[2018-02-25 07:14:15] local.INFO: Mengakses home {"hak_akses":"admin","username":"laracry"} []
[2018-02-25 07:15:13] local.INFO: Logged Out {"hak_akses":"admin","username":"laracry"} []
[2018-02-25 07:15:16] local.INFO: Logged In {"hak_akses":"admin","username":"laracry"} []
[2018-02-25 07:15:16] local.INFO: Mengakses home {"hak_akses":"admin","username":"laracry"} []
[2018-02-25 07:43:39] local.INFO: Mengakses home {"hak_akses":"admin","username":"laracry"} []
[2018-02-25 07:43:47] local.INFO: Mengakses home {"hak_akses":"admin","username":"laracry"} []
[2018-02-25 08:01:42] local.INFO: Logged In {"hak_akses":"siswa","username":"furmans123"} []
[2018-02-25 08:01:42] local.INFO: Mengakses home {"hak_akses":"siswa","username":"furmans123"} []
[2018-02-25 08:02:04] local.INFO: Mengakses home {"hak_akses":"admin","username":"laracry"} []
[2018-02-25 08:37:37] local.INFO: Mengakses home {"hak_akses":"admin","username":"laracry"} []
[2018-02-25 09:10:56] local.INFO: Mengakses home {"hak_akses":"admin","username":"laracry"} []
[2018-02-25 09:14:40] local.INFO: Logged Out {"hak_akses":"admin","username":"laracry"} []
[2018-02-25 09:14:56] local.INFO: Logged In {"hak_akses":"siswa","username":"furmans123"} []
[2018-02-25 09:14:57] local.INFO: Mengakses home {"hak_akses":"siswa","username":"furmans123"} []
[2018-02-25 09:15:01] local.INFO: Logged Out {"hak_akses":"siswa","username":"furmans123"} []
>>>>>>> d7eb9a46f48cc99dd1c5855b9922d846e19b1bf2
[2018-02-25 10:01:08] local.INFO: Mengakses home {"hak_akses":"admin","username":"laracry"} []
[2018-02-25 10:03:21] local.INFO: Mengakses home {"hak_akses":"admin","username":"laracry"} []
<<<<<<< HEAD
[2018-02-26 09:56:40] local.INFO: Logged In {"hak_akses":"admin","username":"laracry"} []
[2018-02-26 09:56:40] local.INFO: Mengakses home {"hak_akses":"admin","username":"laracry"} []
[2018-02-26 10:17:51] local.INFO: Logged Out {"hak_akses":"admin","username":"laracry"} []
[2018-02-26 10:18:01] local.INFO: Logged In {"hak_akses":"guru","username":"ErikaZul"} []
[2018-02-26 10:18:01] local.INFO: Mengakses home {"hak_akses":"guru","username":"ErikaZul"} []
=======
[2018-02-25 10:15:00] local.INFO: Mengakses home {"hak_akses":"admin","username":"laracry"} []
[2018-02-25 10:21:50] local.INFO: Mengakses home {"hak_akses":"admin","username":"laracry"} []
[2018-02-25 10:33:59] local.INFO: Logged Out {"hak_akses":"admin","username":"laracry"} []
[2018-02-25 10:34:12] local.INFO: Logged In {"hak_akses":"admin","username":"laracry"} []
[2018-02-25 10:34:13] local.INFO: Mengakses home {"hak_akses":"admin","username":"laracry"} []
[2018-02-25 10:34:29] local.INFO: Logged Out {"hak_akses":"admin","username":"laracry"} []
[2018-02-25 10:34:35] local.INFO: Logged In {"hak_akses":"guru","username":"faroon"} []
[2018-02-25 10:34:35] local.INFO: Mengakses home {"hak_akses":"guru","username":"faroon"} []
[2018-02-25 10:34:38] local.INFO: Logged Out {"hak_akses":"guru","username":"faroon"} []
[2018-02-25 10:34:40] local.INFO: Logged In {"hak_akses":"admin","username":"laracry"} []
[2018-02-25 10:34:40] local.INFO: Mengakses home {"hak_akses":"admin","username":"laracry"} []
[2018-02-25 10:48:24] local.INFO: Mengakses home {"hak_akses":"admin","username":"laracry"} []
[2018-02-25 10:50:45] local.INFO: Mengakses home {"hak_akses":"admin","username":"laracry"} []
[2018-02-25 11:06:11] local.INFO: Mengakses home {"hak_akses":"admin","username":"laracry"} []
[2018-02-25 11:06:24] local.INFO: Mengakses home {"hak_akses":"admin","username":"laracry"} []
>>>>>>> 8e98936621a0420e6e8c8c23c0269f88f83722b1
[2018-02-26 10:51:12] local.INFO: Mengakses home {"hak_akses":"guru","username":"ErikaZul"} []
[2018-02-26 10:51:28] local.INFO: Logged Out {"hak_akses":"guru","username":"ErikaZul"} []
[2018-02-26 10:53:07] local.INFO: Logged In {"hak_akses":"admin","username":"laracry"} []
[2018-02-26 10:53:07] local.INFO: Mengakses home {"hak_akses":"admin","username":"laracry"} []
[2018-02-26 11:11:45] local.INFO: Mengakses home {"hak_akses":"admin","username":"laracry"} []
[2018-02-26 11:11:50] local.INFO: Logged Out {"hak_akses":"admin","username":"laracry"} []
[2018-02-26 11:12:34] local.INFO: Logged In {"hak_akses":"admin","username":"laracry"} []
[2018-02-26 11:12:34] local.INFO: Mengakses home {"hak_akses":"admin","username":"laracry"} []
[2018-02-26 11:12:48] local.INFO: Mengakses home {"hak_akses":"admin","username":"laracry"} []
[2018-02-26 11:13:24] local.INFO: Mengakses home {"hak_akses":"admin","username":"laracry"} []
[2018-02-26 11:15:34] local.INFO: Mengakses home {"hak_akses":"admin","username":"laracry"} []
[2018-02-26 11:21:01] local.INFO: Mengakses home {"hak_akses":"admin","username":"laracry"} []
[2018-02-26 11:29:18] local.INFO: Mengakses home {"hak_akses":"admin","username":"laracry"} []
[2018-02-26 11:30:20] local.INFO: Mengakses home {"hak_akses":"admin","username":"laracry"} []
[2018-02-26 11:30:30] local.INFO: Mengakses home {"hak_akses":"admin","username":"laracry"} []
[2018-02-26 11:31:34] local.INFO: Logged Out {"hak_akses":"admin","username":"laracry"} []
[2018-02-26 11:31:44] local.INFO: Logged In {"hak_akses":"guru","username":"ErikaZul"} []
[2018-02-26 11:31:45] local.INFO: Mengakses home {"hak_akses":"guru","username":"ErikaZul"} []
[2018-02-26 11:32:36] local.INFO: Logged Out {"hak_akses":"guru","username":"ErikaZul"} []
[2018-02-26 11:32:47] local.INFO: Logged In {"hak_akses":"admin","username":"laracry"} []
[2018-02-26 11:32:47] local.INFO: Mengakses home {"hak_akses":"admin","username":"laracry"} []
[2018-02-26 13:08:43] local.INFO: Mengakses home {"hak_akses":"admin","username":"laracry"} []
[2018-02-26 13:09:27] local.INFO: Mengakses home {"hak_akses":"admin","username":"laracry"} []
[2018-02-26 13:15:10] local.INFO: Logged Out {"hak_akses":"admin","username":"laracry"} []
